2026-02-25 19:14:51 - INFO - Connected to DB
2026-02-25 19:14:51 - ERROR - Missing keys: {'expiration_date', 'contract_month', 'right', 'under_conid'}
2026-02-25 19:14:51 - ERROR - Moved aapl_contract.json to errors
2026-02-25 19:15:43 - INFO - Connected to DB
2026-02-25 19:15:43 - ERROR - Error processing ./input\aapl_contract.json: syntax error at or near "right"
LINE 1: ...ract_month, expiration_date, under_conid, strike, right, mul...
                                                             ^

2026-02-25 19:15:43 - ERROR - Moved aapl_contract.json to errors
2026-02-25 19:15:58 - INFO - Connected to DB
2026-02-25 19:21:13 - INFO - Inserted contract 265598
2026-02-25 19:21:13 - INFO - Processed and moved aapl_contract.json to processed
2026-02-25 19:21:21 - INFO - Connected to DB
2026-02-25 19:24:46 - ERROR - Moved contracts.json to errors
2026-02-25 19:25:07 - INFO - Connected to DB
2026-02-25 19:25:36 - INFO - Connected to DB
2026-02-25 19:25:56 - INFO - Inserted contract 265598
2026-02-25 19:25:56 - INFO - Inserted contract 272093
2026-02-25 19:25:56 - INFO - Processed and moved contracts.json to processed
2026-02-25 19:29:46 - ERROR - Error processing ./input\BTCUSD.json: Expecting ',' delimiter: line 2 column 13 (char 14)
2026-02-25 19:29:46 - ERROR - Moved BTCUSD.json to errors
2026-02-25 20:44:20 - INFO - Connected to DB
2026-02-25 20:44:20 - ERROR - Missing keys: {'expiration_date', 'right', 'category', 'contract_month', 'sub_category', 'industry', 'conid', 'under_conid', 'long_name'}
2026-02-25 20:44:20 - ERROR - Validation failed for BTCUSD
2026-02-25 20:44:20 - ERROR - Moved BTCUSD.json to errors
2026-02-25 20:55:17 - INFO - Connected to DB
2026-02-25 20:55:17 - ERROR - Error inserting contract BTCUSD: 'conid'
2026-02-25 20:55:17 - ERROR - Moved BTCUSD.json to errors
2026-02-25 21:01:50 - INFO - Connected to DB
2026-02-25 21:01:50 - ERROR - Error inserting contract BTCUSD: bigint out of range

2026-02-25 21:01:50 - ERROR - Moved BTCUSD.json to errors
2026-02-25 21:04:31 - INFO - Connected to DB
2026-02-25 21:04:31 - INFO - Inserted contract 42941362376040834
2026-02-25 21:04:31 - INFO - Processed and moved BTCUSD.json to processed
2026-02-25 21:05:51 - ERROR - Error processing ./input\openclaw.json: Illegal trailing comma before end of object: line 153 column 8 (char 3928)
2026-02-25 21:05:51 - ERROR - Moved openclaw.json to errors
2026-02-25 21:06:36 - ERROR - Error processing ./input\openclaw.json: Illegal trailing comma before end of object: line 153 column 8 (char 3928)
2026-02-25 21:06:36 - ERROR - Moved openclaw.json to errors
2026-02-25 21:08:26 - ERROR - Error inserting contract AAPL: current transaction is aborted, commands ignored until end of transaction block

2026-02-25 21:08:26 - ERROR - Error inserting contract MSFT: current transaction is aborted, commands ignored until end of transaction block

2026-02-25 21:08:26 - ERROR - Moved contracts.json to errors
2026-02-25 21:12:41 - ERROR - Error inserting contract AAPL: current transaction is aborted, commands ignored until end of transaction block

2026-02-25 21:12:41 - ERROR - Error inserting contract MSFT: current transaction is aborted, commands ignored until end of transaction block

2026-02-25 21:12:41 - ERROR - Error inserting contract AMZN: current transaction is aborted, commands ignored until end of transaction block

2026-02-25 21:12:41 - ERROR - Error inserting contract GOOGL: current transaction is aborted, commands ignored until end of transaction block

2026-02-25 21:12:41 - ERROR - Error inserting contract TSLA: current transaction is aborted, commands ignored until end of transaction block

2026-02-25 21:12:41 - ERROR - Moved dow30.json to errors
2026-02-25 21:21:22 - INFO - Inserted contract 265598
2026-02-25 21:21:22 - INFO - Inserted contract 272093
2026-02-25 21:21:22 - INFO - Inserted contract 3691937
2026-02-25 21:21:22 - INFO - Inserted contract 2487836
2026-02-25 21:21:22 - INFO - Inserted contract 7632
2026-02-25 21:21:22 - INFO - Inserted contract 2423
2026-02-25 21:21:22 - INFO - Inserted contract 208813720
2026-02-25 21:21:22 - INFO - Inserted contract 14937
2026-02-25 21:21:22 - INFO - Inserted contract 2368
2026-02-25 21:21:22 - INFO - Inserted contract 5938
2026-02-25 21:21:22 - INFO - Inserted contract 19730
2026-02-25 21:21:22 - INFO - Inserted contract 3031
2026-02-25 21:21:22 - INFO - Inserted contract 2894
2026-02-25 21:21:22 - INFO - Inserted contract 14623
2026-02-25 21:21:22 - INFO - Inserted contract 3767
2026-02-25 21:21:22 - INFO - Inserted contract 270639
2026-02-25 21:21:22 - INFO - Inserted contract 22185
2026-02-25 21:21:22 - INFO - Inserted contract 2781
2026-02-25 21:21:22 - INFO - Inserted contract 2296
2026-02-25 21:21:22 - INFO - Inserted contract 6479
2026-02-25 21:21:22 - INFO - Inserted contract 15111
2026-02-25 21:21:22 - INFO - Inserted contract 22997
2026-02-25 21:21:22 - INFO - Inserted contract 3043
2026-02-25 21:21:22 - INFO - Inserted contract 3208
2026-02-25 21:21:22 - INFO - Inserted contract 7734
2026-02-25 21:21:22 - INFO - Inserted contract 16145
2026-02-25 21:21:22 - INFO - Inserted contract 38708077
2026-02-25 21:21:22 - INFO - Inserted contract 1984
2026-02-25 21:21:22 - INFO - Inserted contract 3034
2026-02-25 21:21:22 - INFO - Inserted contract 4391
2026-02-25 21:21:22 - INFO - Processed and moved dow30.json to processed
